[14-Aug-2023 21:09:47] NOTICE: fpm is running, pid 4112
[14-Aug-2023 21:09:47] NOTICE: ready to handle connections
[14-Aug-2023 21:21:45] WARNING: [pool www] child 4116 said into stderr: "sh: line 1: optipng: command not found"
[14-Aug-2023 21:22:23] WARNING: [pool www] child 4117 said into stderr: "sh: line 1: optipng: command not found"
[14-Aug-2023 21:22:57] WARNING: [pool www] child 4116 said into stderr: "sh: line 1: optipng: command not found"
[14-Aug-2023 21:23:53] WARNING: [pool www] child 4117 said into stderr: "sh: line 1: optipng: command not found"
[14-Aug-2023 23:52:11] WARNING: [pool www] child 4117 said into stderr: "sh: line 1: optipng: command not found"
[15-Aug-2023 00:05:40] WARNING: [pool www] child 4117 said into stderr: "sh: line 1: optipng: command not found"
[15-Aug-2023 00:05:41] WARNING: [pool www] child 4117 said into stderr: "sh: line 1: optipng: command not found"
[15-Aug-2023 00:05:42] WARNING: [pool www] child 4117 said into stderr: "sh: line 1: optipng: command not found"
[15-Aug-2023 00:40:50] NOTICE: Terminating ...
[15-Aug-2023 00:40:50] NOTICE: Terminating ...
[15-Aug-2023 00:40:50] NOTICE: exiting, bye-bye!
[15-Aug-2023 20:33:12] NOTICE: fpm is running, pid 2598
[15-Aug-2023 20:33:12] NOTICE: ready to handle connections
[15-Aug-2023 20:38:41] NOTICE: Terminating ...
[15-Aug-2023 20:38:41] NOTICE: Terminating ...
[15-Aug-2023 20:38:41] NOTICE: exiting, bye-bye!
[15-Aug-2023 20:40:15] NOTICE: fpm is running, pid 3291
[15-Aug-2023 20:40:15] NOTICE: ready to handle connections
[16-Aug-2023 00:34:59] NOTICE: Terminating ...
[16-Aug-2023 00:34:59] NOTICE: Terminating ...
[16-Aug-2023 00:34:59] NOTICE: exiting, bye-bye!
[19-Aug-2023 00:46:19] NOTICE: fpm is running, pid 3794
[19-Aug-2023 00:46:19] NOTICE: ready to handle connections
[19-Aug-2023 00:59:59] NOTICE: Terminating ...
[19-Aug-2023 00:59:59] NOTICE: Terminating ...
[19-Aug-2023 00:59:59] NOTICE: exiting, bye-bye!
[20-Aug-2023 20:51:56] NOTICE: fpm is running, pid 1841
[20-Aug-2023 20:51:56] NOTICE: ready to handle connections
[20-Aug-2023 23:55:20] WARNING: [pool www] child 1854 said into stderr: "sh: line 1: optipng: command not found"
[21-Aug-2023 00:25:22] NOTICE: Terminating ...
[21-Aug-2023 00:25:22] NOTICE: Terminating ...
[21-Aug-2023 00:25:22] NOTICE: exiting, bye-bye!
[02-Sep-2023 00:31:40] NOTICE: fpm is running, pid 2299
[02-Sep-2023 00:31:40] NOTICE: ready to handle connections
[02-Sep-2023 02:41:38] WARNING: [pool www] child 2314 said into stderr: "sh: line 1: optipng: command not found"
[02-Sep-2023 02:48:33] NOTICE: Terminating ...
[02-Sep-2023 02:48:33] NOTICE: Terminating ...
[02-Sep-2023 02:48:33] NOTICE: exiting, bye-bye!
[02-Sep-2023 11:59:12] NOTICE: fpm is running, pid 1786
[02-Sep-2023 11:59:12] NOTICE: ready to handle connections
[02-Sep-2023 12:53:54] WARNING: [pool www] child 1797 said into stderr: "sh: line 1: optipng: command not found"
[02-Sep-2023 14:27:14] WARNING: [pool www] child 1797 said into stderr: "sh: line 1: optipng: command not found"
[02-Sep-2023 22:37:21] NOTICE: Terminating ...
[02-Sep-2023 22:37:21] NOTICE: Terminating ...
[02-Sep-2023 22:37:21] NOTICE: exiting, bye-bye!
[10-Sep-2023 10:25:45] NOTICE: fpm is running, pid 2527
[10-Sep-2023 10:25:45] NOTICE: ready to handle connections
[10-Sep-2023 10:41:43] NOTICE: Terminating ...
[10-Sep-2023 10:41:43] NOTICE: Terminating ...
[10-Sep-2023 10:41:43] NOTICE: exiting, bye-bye!
[07-Oct-2023 00:20:29] NOTICE: fpm is running, pid 3992
[07-Oct-2023 00:20:29] NOTICE: ready to handle connections
[07-Oct-2023 00:26:18] NOTICE: Terminating ...
[07-Oct-2023 00:26:18] NOTICE: Terminating ...
[07-Oct-2023 00:26:18] NOTICE: exiting, bye-bye!
[16-Oct-2023 23:04:53] NOTICE: fpm is running, pid 18988
[16-Oct-2023 23:04:53] NOTICE: ready to handle connections
[16-Oct-2023 23:04:54] NOTICE: Terminating ...
[16-Oct-2023 23:04:54] NOTICE: Terminating ...
[16-Oct-2023 23:04:54] NOTICE: exiting, bye-bye!
[16-Oct-2023 23:04:54] NOTICE: fpm is running, pid 19010
[16-Oct-2023 23:04:54] NOTICE: ready to handle connections
[16-Oct-2023 23:07:58] NOTICE: Terminating ...
[16-Oct-2023 23:07:58] NOTICE: Terminating ...
[16-Oct-2023 23:07:58] NOTICE: exiting, bye-bye!
[26-Oct-2023 23:30:54] NOTICE: fpm is running, pid 10526
[26-Oct-2023 23:30:54] NOTICE: ready to handle connections
